Microsoft HTML Help Compiler 4.74.8702

Compiling c:\Works\ovgme\help\fr\ovgme.chm

introduction.html
gameintro.html
gameadd.html
gameedit.html
gamerem.html
snapintro.html
snapnew.html
snapcomp.html
modsenadis.html
modsintro.html
modsprofil.html
modsrepos.html
modsimport.html
modsmake.html
modsfaq.html
structintro.html
structdir.html
structzip.html
structvers.html
reposbase.html
reposfaq.html
reposxml.html
jsgmecomp.html
ovgme.hhc
ovgme.hhk
logo.png
mods_dirmod.png
mods_zipmod.png
mods_enamod.png
repos_available.png
repos_uptodate.png
repos_upgrade.png
repos_dngrade.png
repos_schem.jpg

Compile time: 0 minutes, 0 seconds
25	Topics
52	Local links
0	Internet links
9	Graphics


Created c:\Works\ovgme\help\fr\ovgme.chm, 90,223 bytes
Compression decreased file by 60,613 bytes.
